<?xml version="1.0" encoding="UTF-8"?>
<testsuite xmlns:xsi="http://www.w3.org/2001/XMLSchema-instance" xsi:noNamespaceSchemaLocation="https://maven.apache.org/surefire/maven-surefire-plugin/xsd/surefire-test-report.xsd" name="TestSuite" time="32.124" tests="4" errors="0" skipped="0" failures="2">
  <properties>
[...]
</properties>
  <testcase name="test1_add_task" classname="ToDo_Android" time="16.713">
    <failure message="org.openqa.selenium.NoSuchSessionException: A session is either terminated or not started&#10;Build info: version: &apos;3.141.59&apos;, revision: &apos;e82be7d358&apos;, time: &apos;2018-11-14T08:17:03&apos;&#10;System info: host: &apos;MMB026280CPS&apos;, ip: &apos;fe80:0:0:0:10b9:13f1:876c:fad%en0&apos;, os.name: &apos;Mac OS X&apos;, os.arch: &apos;x86_64&apos;, os.version: &apos;11.6.3&apos;, java.version: &apos;11.0.14&apos;&#10;Driver info: io.appium.java_client.android.AndroidDriver&#10;Capabilities {app: /Users/jadersonrg/Automatio..., appPackage: com.jeffprod.todo, databaseEnabled: false, desired: {app: /Users/jadersonrg/Automatio..., deviceName: Emulator, plataformName: Android, platformName: android, platformVersion: 11.0, udid: emulator-5556}, deviceApiLevel: 30, deviceManufacturer: unknown, deviceModel: Android SDK built for x86, deviceName: emulator-5556, deviceScreenDensity: 560, deviceScreenSize: 1440x2880, deviceUDID: emulator-5556, javascriptEnabled: true, locationContextEnabled: false, networkConnectionEnabled: true, pixelRatio: 3.5, plataformName: Android, platform: LINUX, platformName: Android, platformVersion: 11, statBarHeight: 84, takesScreenshot: true, udid: emulator-5556, viewportRect: {height: 2628, left: 0, top: 84, width: 1440}, warnings: {}, webStorageEnabled: false}&#10;Session ID: 9eaeef1a-e671-4a45-817a-311864fc12c7&#10;*** Element info: {Using=id, value=fab}" type="org.openqa.selenium.WebDriverException">org.openqa.selenium.WebDriverException: 
org.openqa.selenium.NoSuchSessionException: A session is either terminated or not started
Build info: version: '3.141.59', revision: 'e82be7d358', time: '2018-11-14T08:17:03'
System info: host: 'MMB026280CPS', ip: 'fe80:0:0:0:10b9:13f1:876c:fad%en0', os.name: 'Mac OS X', os.arch: 'x86_64', os.version: '11.6.3', java.version: '11.0.14'
Driver info: io.appium.java_client.android.AndroidDriver
Capabilities {app: /Users/jadersonrg/Automatio..., appPackage: com.jeffprod.todo, databaseEnabled: false, desired: {app: /Users/jadersonrg/Automatio..., deviceName: Emulator, plataformName: Android, platformName: android, platformVersion: 11.0, udid: emulator-5556}, deviceApiLevel: 30, deviceManufacturer: unknown, deviceModel: Android SDK built for x86, deviceName: emulator-5556, deviceScreenDensity: 560, deviceScreenSize: 1440x2880, deviceUDID: emulator-5556, javascriptEnabled: true, locationContextEnabled: false, networkConnectionEnabled: true, pixelRatio: 3.5, plataformName: Android, platform: LINUX, platformName: Android, platformVersion: 11, statBarHeight: 84, takesScreenshot: true, udid: emulator-5556, viewportRect: {height: 2628, left: 0, top: 84, width: 1440}, warnings: {}, webStorageEnabled: false}
Session ID: 9eaeef1a-e671-4a45-817a-311864fc12c7
*** Element info: {Using=id, value=fab}
	at ToDo_Android.test1_add_task(ToDo_Android.java:29)
Caused by: org.openqa.selenium.NoSuchSessionException: 
A session is either terminated or not started
Build info: version: '3.141.59', revision: 'e82be7d358', time: '2018-11-14T08:17:03'
System info: host: 'MMB026280CPS', ip: 'fe80:0:0:0:10b9:13f1:876c:fad%en0', os.name: 'Mac OS X', os.arch: 'x86_64', os.version: '11.6.3', java.version: '11.0.14'
Driver info: io.appium.java_client.android.AndroidDriver
Capabilities {app: /Users/jadersonrg/Automatio..., appPackage: com.jeffprod.todo, databaseEnabled: false, desired: {app: /Users/jadersonrg/Automatio..., deviceName: Emulator, plataformName: Android, platformName: android, platformVersion: 11.0, udid: emulator-5556}, deviceApiLevel: 30, deviceManufacturer: unknown, deviceModel: Android SDK built for x86, deviceName: emulator-5556, deviceScreenDensity: 560, deviceScreenSize: 1440x2880, deviceUDID: emulator-5556, javascriptEnabled: true, locationContextEnabled: false, networkConnectionEnabled: true, pixelRatio: 3.5, plataformName: Android, platform: LINUX, platformName: Android, platformVersion: 11, statBarHeight: 84, takesScreenshot: true, udid: emulator-5556, viewportRect: {height: 2628, left: 0, top: 84, width: 1440}, warnings: {}, webStorageEnabled: false}
Session ID: 9eaeef1a-e671-4a45-817a-311864fc12c7
*** Element info: {Using=id, value=fab}
	at ToDo_Android.test1_add_task(ToDo_Android.java:29)
</failure>
    <system-out><![CDATA[[TestNGContentHandler] [WARN] It is strongly recommended to add "<!DOCTYPE suite SYSTEM "https://testng.org/testng-1.0.dtd" >" at the top of the suite file [/Users/jadersonrg/Automation/android_testng.xml] otherwise TestNG may fail or not work as expected.
]]></system-out>
    <system-err><![CDATA[Mar 19, 2022 11:16:35 PM io.appium.java_client.remote.AppiumCommandExecutor$1 lambda$0
INFO: Detected dialect: W3C
Mar 19, 2022 11:16:35 PM io.appium.java_client.remote.AppiumCommandExecutor$1 lambda$0
INFO: Detected dialect: W3C
]]></system-err>
  </testcase>
  <testcase name="test1_add_task" classname="ToDo_Android" time="14.814"/>
  <testcase name="test2_add_task" classname="ToDo_Android" time="0.096"/>
  <testcase name="test2_add_task" classname="ToDo_Android" time="14.901">
    <failure message="org.openqa.selenium.NoSuchSessionException: Session ID is null. Using WebDriver after calling quit()?&#10;Build info: version: &apos;3.141.59&apos;, revision: &apos;e82be7d358&apos;, time: &apos;2018-11-14T08:17:03&apos;&#10;System info: host: &apos;MMB026280CPS&apos;, ip: &apos;fe80:0:0:0:10b9:13f1:876c:fad%en0&apos;, os.name: &apos;Mac OS X&apos;, os.arch: &apos;x86_64&apos;, os.version: &apos;11.6.3&apos;, java.version: &apos;11.0.14&apos;&#10;Driver info: driver.version: AndroidDriver" type="org.openqa.selenium.WebDriverException">org.openqa.selenium.WebDriverException: 
org.openqa.selenium.NoSuchSessionException: Session ID is null. Using WebDriver after calling quit()?
Build info: version: '3.141.59', revision: 'e82be7d358', time: '2018-11-14T08:17:03'
System info: host: 'MMB026280CPS', ip: 'fe80:0:0:0:10b9:13f1:876c:fad%en0', os.name: 'Mac OS X', os.arch: 'x86_64', os.version: '11.6.3', java.version: '11.0.14'
Driver info: driver.version: AndroidDriver
	at ToDo_Android.test2_add_task(ToDo_Android.java:43)
Caused by: org.openqa.selenium.NoSuchSessionException: 
Session ID is null. Using WebDriver after calling quit()?
Build info: version: '3.141.59', revision: 'e82be7d358', time: '2018-11-14T08:17:03'
System info: host: 'MMB026280CPS', ip: 'fe80:0:0:0:10b9:13f1:876c:fad%en0', os.name: 'Mac OS X', os.arch: 'x86_64', os.version: '11.6.3', java.version: '11.0.14'
Driver info: driver.version: AndroidDriver
	at ToDo_Android.test2_add_task(ToDo_Android.java:43)
</failure>
  </testcase>
</testsuite>